                                 Started job on |	Nov 14 10:39:46
                             Started mapping on |	Nov 14 10:40:01
                                    Finished on |	Nov 14 10:50:31
       Mapping speed, Million of reads per hour |	423.58

                          Number of input reads |	74126025
                      Average input read length |	49
                                    UNIQUE READS:
                   Uniquely mapped reads number |	63912102
                        Uniquely mapped reads % |	86.22%
                          Average mapped length |	48.82
                       Number of splices: Total |	10010945
            Number of splices: Annotated (sjdb) |	9913245
                       Number of splices: GT/AG |	9915467
                       Number of splices: GC/AG |	77874
                       Number of splices: AT/AC |	11550
               Number of splices: Non-canonical |	6054
                      Mismatch rate per base, % |	0.25%
                         Deletion rate per base |	0.01%
                        Deletion average length |	1.43
                        Insertion rate per base |	0.00%
                       Insertion average length |	1.22
                             MULTI-MAPPING READS:
        Number of reads mapped to multiple loci |	0
             % of reads mapped to multiple loci |	0.00%
        Number of reads mapped to too many loci |	9697272
             % of reads mapped to too many loci |	13.08%
                                  UNMAPPED READS:
       % of reads unmapped: too many mismatches |	0.00%
                 % of reads unmapped: too short |	0.44%
                     % of reads unmapped: other |	0.26%
                                  CHIMERIC READS:
                       Number of chimeric reads |	0
                            % of chimeric reads |	0.00%
